[debug] [2025-05-22T14:17:41.318Z] ----------------------------------------------------------------------
[debug] [2025-05-22T14:17:41.323Z] Command:       C:\Program Files\nodejs\node.exe C:\Users\Denis\AppData\Roaming\npm\node_modules\firebase-tools\lib\bin\firebase.js init hosting
[debug] [2025-05-22T14:17:41.323Z] CLI Version:   14.4.0
[debug] [2025-05-22T14:17:41.323Z] Platform:      win32
[debug] [2025-05-22T14:17:41.323Z] Node Version:  v22.9.0
[debug] [2025-05-22T14:17:41.324Z] Time:          Thu May 22 2025 17:17:41 GMT+0300 (Eastern European Summer Time)
[debug] [2025-05-22T14:17:41.324Z] ----------------------------------------------------------------------
[debug] 
[debug] [2025-05-22T14:17:41.331Z] > command requires scopes: ["email","openid","https://www.googleapis.com/auth/cloudplatformprojects.readonly","https://www.googleapis.com/auth/firebase","https://www.googleapis.com/auth/cloud-platform"]
[debug] [2025-05-22T14:17:41.332Z] > authorizing via signed-in user (denisatanasov76@gmail.com)
[info] 
     ######## #### ########  ######## ########     ###     ######  ########
     ##        ##  ##     ## ##       ##     ##  ##   ##  ##       ##
     ######    ##  ########  ######   ########  #########  ######  ######
     ##        ##  ##    ##  ##       ##     ## ##     ##       ## ##
     ##       #### ##     ## ######## ########  ##     ##  ######  ########

You're about to initialize a Firebase project in this directory:

  C:\Users\Denis\Documents\GitHub\multiDom\server

[info] 
=== Project Setup
[info] 
[info] First, let's associate this project directory with a Firebase project.
[info] You can create multiple project aliases by running firebase use --add, 
[info] but for now we'll just set up a default project.
[info] 
[debug] [2025-05-22T14:17:44.533Z] Checked if tokens are valid: true, expires at: 1747926597600
[debug] [2025-05-22T14:17:44.533Z] Checked if tokens are valid: true, expires at: 1747926597600
[debug] [2025-05-22T14:17:44.535Z] >>> [apiv2][query] GET https://firebase.googleapis.com/v1beta1/availableProjects pageSize=100
[debug] [2025-05-22T14:17:45.448Z] <<< [apiv2][status] GET https://firebase.googleapis.com/v1beta1/availableProjects 200
[debug] [2025-05-22T14:17:45.449Z] <<< [apiv2][body] GET https://firebase.googleapis.com/v1beta1/availableProjects [omitted]
[debug] [2025-05-22T14:18:53.837Z] ExitPromptError: User force closed the prompt with SIGINT
    at Interface.sigint (C:\Users\Denis\AppData\Roaming\npm\node_modules\firebase-tools\node_modules\@inquirer\core\dist\commonjs\lib\create-prompt.js:100:37)
    at Interface.emit (node:events:519:28)
    at Interface.emit (node:domain:488:12)
    at [_ttyWrite] [as _ttyWrite] (node:internal/readline/interface:1124:18)
    at ReadStream.onkeypress (node:internal/readline/interface:263:20)
    at ReadStream.emit (node:events:531:35)
    at ReadStream.emit (node:domain:488:12)
    at emitKeys (node:internal/readline/utils:370:14)
    at emitKeys.next (<anonymous>)
    at ReadStream.onData (node:internal/readline/emitKeypressEvents:64:36)
[error] 
[error] Error: An unexpected error has occurred.
